
PLAY [fetch the version of Junos device through xml function over ssh] *************************************

TASK [show version from xml_rpc] ***************************************************************************
ok: [192.168.0.91]
ok: [192.168.0.92]

TASK [Print stdout_lines from xml.rpc] *********************************************************************
ok: [192.168.0.91] => {
    "junos.stdout_lines": [
        "", 
        "Hostname: vMX-1", 
        "Model: vmx", 
        "Junos: 16.2R2.8", 
        "JUNOS OS Kernel 64-bit  [20170607.351421_builder_stable_10]", 
        "JUNOS OS libs [20170607.351421_builder_stable_10]", 
        "JUNOS OS runtime [20170607.351421_builder_stable_10]", 
        "JUNOS OS time zone information [20170607.351421_builder_stable_10]", 
        "JUNOS network stack and utilities [20170706.005337_builder_junos_162_r2]", 
        "JUNOS modules [20170706.005337_builder_junos_162_r2]", 
        "JUNOS mx modules [20170706.005337_builder_junos_162_r2]", 
        "JUNOS libs [20170706.005337_builder_junos_162_r2]", 
        "JUNOS OS libs compat32 [20170607.351421_builder_stable_10]", 
        "JUNOS OS 32-bit compatibility [20170607.351421_builder_stable_10]", 
        "JUNOS libs compat32 [20170706.005337_builder_junos_162_r2]", 
        "JUNOS runtime [20170706.005337_builder_junos_162_r2]", 
        "JUNOS Packet Forwarding Engine Simulation Package [20170706.005337_builder_junos_162_r2]", 
        "JUNOS py extensions [20170706.005337_builder_junos_162_r2]", 
        "JUNOS py base [20170706.005337_builder_junos_162_r2]", 
        "JUNOS OS vmguest [20170607.351421_builder_stable_10]", 
        "JUNOS OS crypto [20170607.351421_builder_stable_10]", 
        "JUNOS mx libs compat32 [20170706.005337_builder_junos_162_r2]", 
        "JUNOS mx runtime [20170706.005337_builder_junos_162_r2]", 
        "JUNOS common platform support [20170706.005337_builder_junos_162_r2]", 
        "JUNOS mx libs [20170706.005337_builder_junos_162_r2]", 
        "JUNOS mtx Data Plane Crypto Support [20170706.005337_builder_junos_162_r2]", 
        "JUNOS daemons [20170706.005337_builder_junos_162_r2]", 
        "JUNOS mx daemons [20170706.005337_builder_junos_162_r2]", 
        "JUNOS Voice Services Container package [20170706.005337_builder_junos_162_r2]", 
        "JUNOS Services SSL [20170706.005337_builder_junos_162_r2]", 
        "JUNOS Services Stateful Firewall [20170706.005337_builder_junos_162_r2]", 
        "JUNOS Services RPM [20170706.005337_builder_junos_162_r2]", 
        "JUNOS Services PTSP Container package [20170706.005337_builder_junos_162_r2]", 
        "JUNOS Services PCEF package [20170706.005337_builder_junos_162_r2]", 
        "JUNOS Services NAT [20170706.005337_builder_junos_162_r2]", 
        "JUNOS Services Mobile Subscriber Service Container package [20170706.005337_builder_junos_162_r2]", 
        "JUNOS Services MobileNext Software package [20170706.005337_builder_junos_162_r2]", 
        "JUNOS Services Logging Report Framework package [20170706.005337_builder_junos_162_r2]", 
        "JUNOS Services LL-PDF Container package [20170706.005337_builder_junos_162_r2]", 
        "JUNOS Services Jflow Container package [20170706.005337_builder_junos_162_r2]", 
        "JUNOS Services Deep Packet Inspection package [20170706.005337_builder_junos_162_r2]", 
        "JUNOS Services IPSec [20170706.005337_builder_junos_162_r2]", 
        "JUNOS IDP Services [20170706.005337_builder_junos_162_r2]", 
        "JUNOS Services HTTP Content Management package [20170706.005337_builder_junos_162_r2]", 
        "JUNOS Services Crypto [20170706.005337_builder_junos_162_r2]", 
        "JUNOS Services Captive Portal and Content Delivery Container package [20170706.005337_builder_junos_162_r2]", 
        "JUNOS Services COS [20170706.005337_builder_junos_162_r2]", 
        "JUNOS Border Gateway Function package [20170706.005337_builder_junos_162_r2]", 
        "JUNOS AppId Services [20170706.005337_builder_junos_162_r2]", 
        "JUNOS Services Application Level Gateways [20170706.005337_builder_junos_162_r2]", 
        "JUNOS Services AACL Container package [20170706.005337_builder_junos_162_r2]", 
        "JUNOS Extension Toolkit [20170706.005337_builder_junos_162_r2]", 
        "JUNOS Packet Forwarding Engine Support (M/T Common) [20170706.005337_builder_junos_162_r2]", 
        "JUNOS Online Documentation [20170706.005337_builder_junos_162_r2]"
    ]
}
ok: [192.168.0.92] => {
    "junos.stdout_lines": [
        "", 
        "Hostname: vMX-2", 
        "Model: vmx", 
        "Junos: 16.2R2.8", 
        "JUNOS OS Kernel 64-bit  [20170607.351421_builder_stable_10]", 
        "JUNOS OS libs [20170607.351421_builder_stable_10]", 
        "JUNOS OS runtime [20170607.351421_builder_stable_10]", 
        "JUNOS OS time zone information [20170607.351421_builder_stable_10]", 
        "JUNOS network stack and utilities [20170706.005337_builder_junos_162_r2]", 
        "JUNOS modules [20170706.005337_builder_junos_162_r2]", 
        "JUNOS mx modules [20170706.005337_builder_junos_162_r2]", 
        "JUNOS libs [20170706.005337_builder_junos_162_r2]", 
        "JUNOS OS libs compat32 [20170607.351421_builder_stable_10]", 
        "JUNOS OS 32-bit compatibility [20170607.351421_builder_stable_10]", 
        "JUNOS libs compat32 [20170706.005337_builder_junos_162_r2]", 
        "JUNOS runtime [20170706.005337_builder_junos_162_r2]", 
        "JUNOS Packet Forwarding Engine Simulation Package [20170706.005337_builder_junos_162_r2]", 
        "JUNOS py extensions [20170706.005337_builder_junos_162_r2]", 
        "JUNOS py base [20170706.005337_builder_junos_162_r2]", 
        "JUNOS OS vmguest [20170607.351421_builder_stable_10]", 
        "JUNOS OS crypto [20170607.351421_builder_stable_10]", 
        "JUNOS mx libs compat32 [20170706.005337_builder_junos_162_r2]", 
        "JUNOS mx runtime [20170706.005337_builder_junos_162_r2]", 
        "JUNOS common platform support [20170706.005337_builder_junos_162_r2]", 
        "JUNOS mx libs [20170706.005337_builder_junos_162_r2]", 
        "JUNOS mtx Data Plane Crypto Support [20170706.005337_builder_junos_162_r2]", 
        "JUNOS daemons [20170706.005337_builder_junos_162_r2]", 
        "JUNOS mx daemons [20170706.005337_builder_junos_162_r2]", 
        "JUNOS Voice Services Container package [20170706.005337_builder_junos_162_r2]", 
        "JUNOS Services SSL [20170706.005337_builder_junos_162_r2]", 
        "JUNOS Services Stateful Firewall [20170706.005337_builder_junos_162_r2]", 
        "JUNOS Services RPM [20170706.005337_builder_junos_162_r2]", 
        "JUNOS Services PTSP Container package [20170706.005337_builder_junos_162_r2]", 
        "JUNOS Services PCEF package [20170706.005337_builder_junos_162_r2]", 
        "JUNOS Services NAT [20170706.005337_builder_junos_162_r2]", 
        "JUNOS Services Mobile Subscriber Service Container package [20170706.005337_builder_junos_162_r2]", 
        "JUNOS Services MobileNext Software package [20170706.005337_builder_junos_162_r2]", 
        "JUNOS Services Logging Report Framework package [20170706.005337_builder_junos_162_r2]", 
        "JUNOS Services LL-PDF Container package [20170706.005337_builder_junos_162_r2]", 
        "JUNOS Services Jflow Container package [20170706.005337_builder_junos_162_r2]", 
        "JUNOS Services Deep Packet Inspection package [20170706.005337_builder_junos_162_r2]", 
        "JUNOS Services IPSec [20170706.005337_builder_junos_162_r2]", 
        "JUNOS IDP Services [20170706.005337_builder_junos_162_r2]", 
        "JUNOS Services HTTP Content Management package [20170706.005337_builder_junos_162_r2]", 
        "JUNOS Services Crypto [20170706.005337_builder_junos_162_r2]", 
        "JUNOS Services Captive Portal and Content Delivery Container package [20170706.005337_builder_junos_162_r2]", 
        "JUNOS Services COS [20170706.005337_builder_junos_162_r2]", 
        "JUNOS Border Gateway Function package [20170706.005337_builder_junos_162_r2]", 
        "JUNOS AppId Services [20170706.005337_builder_junos_162_r2]", 
        "JUNOS Services Application Level Gateways [20170706.005337_builder_junos_162_r2]", 
        "JUNOS Services AACL Container package [20170706.005337_builder_junos_162_r2]", 
        "JUNOS Extension Toolkit [20170706.005337_builder_junos_162_r2]", 
        "JUNOS Packet Forwarding Engine Support (M/T Common) [20170706.005337_builder_junos_162_r2]", 
        "JUNOS Online Documentation [20170706.005337_builder_junos_162_r2]"
    ]
}

PLAY RECAP *************************************************************************************************
192.168.0.91               : ok=2    changed=0    unreachable=0    failed=0   
192.168.0.92               : ok=2    changed=0    unreachable=0    failed=0   

